<?xml version="1.0" encoding="UTF-8"?>
<testng-results skipped="0" failed="0" ignored="0" total="1" passed="1">
  <reporter-output>
  </reporter-output>
  <suite name="SprintImplimetation.SmokeTest" duration-ms="10026" started-at="2019-04-27T05:25:28Z" finished-at="2019-04-27T05:25:38Z">
    <groups>
    </groups>
    <test name="Command line test" duration-ms="10026" started-at="2019-04-27T05:25:28Z" finished-at="2019-04-27T05:25:38Z">
      <class name="SprintImplimetation.SmokeTest">
        <test-method status="PASS" signature="smokeTest()[pri:0, instance:SprintImplimetation.SmokeTest@7f560810]" name="smokeTest" duration-ms="10003" started-at="2019-04-27T05:25:28Z" finished-at="2019-04-27T05:25:38Z">
          <reporter-output>
          </reporter-output>
        </test-method> <!-- smokeTest -->
      </class> <!-- SprintImplimetation.SmokeTest -->
    </test> <!-- Command line test -->
  </suite> <!-- SprintImplimetation.SmokeTest -->
</testng-results>
