<?xml version="1.0" encoding="UTF-8"?>
<testng-results skipped="0" failed="0" ignored="0" total="1" passed="1">
  <reporter-output>
  </reporter-output>
  <suite name="Default suite" duration-ms="8634" started-at="2019-04-27T05:07:56Z" finished-at="2019-04-27T05:08:04Z">
    <groups>
    </groups>
    <test name="Default test" duration-ms="8634" started-at="2019-04-27T05:07:56Z" finished-at="2019-04-27T05:08:04Z">
      <class name="SprintImplimetation.SmokeTest">
        <test-method status="PASS" signature="smokeTest()[pri:0, instance:SprintImplimetation.SmokeTest@5bcab519]" name="smokeTest" duration-ms="8580" started-at="2019-04-27T05:07:56Z" finished-at="2019-04-27T05:08:04Z">
          <reporter-output>
          </reporter-output>
        </test-method> <!-- smokeTest -->
      </class> <!-- SprintImplimetation.SmokeTest -->
    </test> <!-- Default test -->
  </suite> <!-- Default suite -->
</testng-results>
